This file contains any messages produced by compilers while
running configure, to aid debugging if configure makes a mistake.

It was created by fenice configure 1.11, which was
generated by GNU Autoconf 2.59.  Invocation command line was

  $ ./configure 

## --------- ##
## Platform. ##
## --------- ##

hostname = linux-4rne
uname -m = i686
uname -r = 2.6.16.21-0.25-default
uname -s = Linux
uname -v = #1 Tue Sep 19 07:26:15 UTC 2006

/usr/bin/uname -p = unknown
/bin/uname -X     = unknown

/bin/arch              = i686
/usr/bin/arch -k       = unknown
/usr/convex/getsysinfo = unknown
hostinfo               = unknown
/bin/machine           = unknown
/usr/bin/oslevel       = unknown
/bin/universe          = unknown

PATH: /opt/hisi-linux/x86-arm/gcc-3.4.3-uClibc-0.9.28/usr/bin
PATH: /sbin
PATH: /usr/sbin
PATH: /usr/local/sbin
PATH: /opt/kde3/sbin
PATH: /opt/gnome/sbin
PATH: /root/bin
PATH: /usr/local/bin
PATH: /usr/bin
PATH: /usr/X11R6/bin
PATH: /bin
PATH: /usr/games
PATH: /opt/gnome/bin
PATH: /opt/kde3/bin
PATH: /usr/lib/mit/bin
PATH: /usr/lib/mit/sbin
PATH: /usr/lib/qt3/bin


## ----------- ##
## Core tests. ##
## ----------- ##

configure:1557: checking build system type
configure:1575: result: i686-pc-linux-gnu
configure:1583: checking host system type
configure:1597: result: i686-pc-linux-gnu
configure:1605: checking target system type
configure:1619: result: i686-pc-linux-gnu
configure:1647: checking for a BSD-compatible install
configure:1702: result: /usr/bin/install -c
configure:1713: checking whether build environment is sane
configure:1756: result: yes
configure:1821: checking for gawk
configure:1837: found /usr/bin/gawk
configure:1847: result: gawk
configure:1857: checking whether make sets $(MAKE)
configure:1877: result: yes
configure:2050: checking for fenice
configure:2068: found /usr/local/bin/fenice
configure:2080: result: /usr/local/bin/fenice
configure:2277: checking for gcc
configure:2293: found /usr/local/bin/gcc
configure:2303: result: gcc
configure:2547: checking for C compiler version
configure:2550: gcc --version </dev/null >&5
gcc (GCC) 4.1.0 (SUSE Linux)
Copyright (C) 2006 Free Software Foundation, Inc.
This is free software; see the source for copying conditions.  There is NO
warranty; not even for MERCHANTABILITY or FITNESS FOR A PARTICULAR PURPOSE.

configure:2553: $? = 0
configure:2555: gcc -v </dev/null >&5
Using built-in specs.
Target: i586-suse-linux
Configured with: ../configure --enable-threads=posix --prefix=/usr --with-local-prefix=/usr/local --infodir=/usr/share/info --mandir=/usr/share/man --libdir=/usr/lib --libexecdir=/usr/lib --enable-languages=c,c++,objc,fortran,java,ada --enable-checking=release --with-gxx-include-dir=/usr/include/c++/4.1.0 --enable-ssp --disable-libssp --enable-java-awt=gtk --enable-gtk-cairo --disable-libjava-multilib --with-slibdir=/lib --with-system-zlib --enable-shared --enable-__cxa_atexit --enable-libstdcxx-allocator=new --without-system-libunwind --with-cpu=generic --host=i586-suse-linux
Thread model: posix
gcc version 4.1.0 (SUSE Linux)
configure:2558: $? = 0
configure:2560: gcc -V </dev/null >&5
gcc: '-V' option must have argument
configure:2563: $? = 1
configure:2586: checking for C compiler default output file name
configure:2589: gcc    conftest.c  >&5
configure:2592: $? = 0
configure:2638: result: a.out
configure:2643: checking whether the C compiler works
configure:2649: ./a.out
configure:2652: $? = 0
configure:2669: result: yes
configure:2676: checking whether we are cross compiling
configure:2678: result: no
configure:2681: checking for suffix of executables
configure:2683: gcc -o conftest    conftest.c  >&5
configure:2686: $? = 0
configure:2711: result: 
configure:2717: checking for suffix of object files
configure:2738: gcc -c   conftest.c >&5
configure:2741: $? = 0
configure:2763: result: o
configure:2767: checking whether we are using the GNU C compiler
configure:2791: gcc -c   conftest.c >&5
configure:2797: $? = 0
configure:2801: test -z 
			 || test ! -s conftest.err
configure:2804: $? = 0
configure:2807: test -s conftest.o
configure:2810: $? = 0
configure:2823: result: yes
configure:2829: checking whether gcc accepts -g
configure:2850: gcc -c -g  conftest.c >&5
configure:2856: $? = 0
configure:2860: test -z 
			 || test ! -s conftest.err
configure:2863: $? = 0
configure:2866: test -s conftest.o
configure:2869: $? = 0
configure:2880: result: yes
configure:2897: checking for gcc option to accept ANSI C
configure:2967: gcc  -c -g -O2  conftest.c >&5
configure:2973: $? = 0
configure:2977: test -z 
			 || test ! -s conftest.err
configure:2980: $? = 0
configure:2983: test -s conftest.o
configure:2986: $? = 0
configure:3004: result: none needed
configure:3022: gcc -c -g -O2  conftest.c >&5
conftest.c:2: error: expected '=', ',', ';', 'asm' or '__attribute__' before 'me'
configure:3028: $? = 1
configure: failed program was:
| #ifndef __cplusplus
|   choke me
| #endif
configure:3172: checking for style of include used by make
configure:3200: result: GNU
configure:3228: checking dependency style of gcc
configure:3318: result: gcc3
configure:3341: checking how to run the C preprocessor
configure:3376: gcc -E  conftest.c
configure:3382: $? = 0
configure:3414: gcc -E  conftest.c
conftest.c:11:28: error: ac_nonexistent.h: No such file or directory
configure:3420: $? = 1
configure: failed program was:
| /* confdefs.h.  */
| 
| #define PACKAGE_NAME "fenice"
| #define PACKAGE_TARNAME "fenice"
| #define PACKAGE_VERSION "1.11"
| #define PACKAGE_STRING "fenice 1.11"
| #define PACKAGE_BUGREPORT ""
| #define PACKAGE "fenice"
| #define VERSION "1.11"
| /* end confdefs.h.  */
| #include <ac_nonexistent.h>
configure:3459: result: gcc -E
configure:3483: gcc -E  conftest.c
configure:3489: $? = 0
configure:3521: gcc -E  conftest.c
conftest.c:11:28: error: ac_nonexistent.h: No such file or directory
configure:3527: $? = 1
configure: failed program was:
| /* confdefs.h.  */
| 
| #define PACKAGE_NAME "fenice"
| #define PACKAGE_TARNAME "fenice"
| #define PACKAGE_VERSION "1.11"
| #define PACKAGE_STRING "fenice 1.11"
| #define PACKAGE_BUGREPORT ""
| #define PACKAGE "fenice"
| #define VERSION "1.11"
| /* end confdefs.h.  */
| #include <ac_nonexistent.h>
configure:3571: checking for egrep
configure:3581: result: grep -E
configure:3587: checking whether gcc needs -traditional
configure:3629: result: no
configure:3641: checking how to run the C preprocessor
configure:3759: result: gcc -E
configure:3783: gcc -E  conftest.c
configure:3789: $? = 0
configure:3821: gcc -E  conftest.c
conftest.c:11:28: error: ac_nonexistent.h: No such file or directory
configure:3827: $? = 1
configure: failed program was:
| /* confdefs.h.  */
| 
| #define PACKAGE_NAME "fenice"
| #define PACKAGE_TARNAME "fenice"
| #define PACKAGE_VERSION "1.11"
| #define PACKAGE_STRING "fenice 1.11"
| #define PACKAGE_BUGREPORT ""
| #define PACKAGE "fenice"
| #define VERSION "1.11"
| /* end confdefs.h.  */
| #include <ac_nonexistent.h>
configure:3874: checking for gawk
configure:3900: result: gawk
configure:3923: checking for a BSD-compatible install
configure:3978: result: /usr/bin/install -c
configure:3989: checking whether ln -s works
configure:3993: result: yes
configure:4000: checking whether make sets $(MAKE)
configure:4020: result: yes
configure:4102: checking for a sed that does not truncate output
configure:4156: result: /usr/bin/sed
configure:4170: checking for ld used by gcc
configure:4237: result: /usr/i586-suse-linux/bin/ld
configure:4246: checking if the linker (/usr/i586-suse-linux/bin/ld) is GNU ld
configure:4261: result: yes
configure:4266: checking for /usr/i586-suse-linux/bin/ld option to reload object files
configure:4273: result: -r
configure:4291: checking for BSD-compatible nm
configure:4340: result: /usr/bin/nm -B
configure:4344: checking how to recognise dependent libraries
configure:4520: result: pass_all
configure:4751: checking for ANSI C header files
configure:4776: gcc -c -g -O2  conftest.c >&5
configure:4782: $? = 0
configure:4786: test -z 
			 || test ! -s conftest.err
configure:4789: $? = 0
configure:4792: test -s conftest.o
configure:4795: $? = 0
configure:4884: gcc -o conftest -g -O2   conftest.c  >&5
conftest.c: In function 'main':
conftest.c:28: warning: incompatible implicit declaration of built-in function 'exit'
configure:4887: $? = 0
configure:4889: ./conftest
configure:4892: $? = 0
configure:4907: result: yes
configure:4931: checking for sys/types.h
configure:4947: gcc -c -g -O2  conftest.c >&5
configure:4953: $? = 0
configure:4957: test -z 
			 || test ! -s conftest.err
configure:4960: $? = 0
configure:4963: test -s conftest.o
configure:4966: $? = 0
configure:4977: result: yes
configure:4931: checking for sys/stat.h
configure:4947: gcc -c -g -O2  conftest.c >&5
configure:4953: $? = 0
configure:4957: test -z 
			 || test ! -s conftest.err
configure:4960: $? = 0
configure:4963: test -s conftest.o
configure:4966: $? = 0
configure:4977: result: yes
configure:4931: checking for stdlib.h
configure:4947: gcc -c -g -O2  conftest.c >&5
configure:4953: $? = 0
configure:4957: test -z 
			 || test ! -s conftest.err
configure:4960: $? = 0
configure:4963: test -s conftest.o
configure:4966: $? = 0
configure:4977: result: yes
configure:4931: checking for string.h
configure:4947: gcc -c -g -O2  conftest.c >&5
configure:4953: $? = 0
configure:4957: test -z 
			 || test ! -s conftest.err
configure:4960: $? = 0
configure:4963: test -s conftest.o
configure:4966: $? = 0
configure:4977: result: yes
configure:4931: checking for memory.h
configure:4947: gcc -c -g -O2  conftest.c >&5
configure:4953: $? = 0
configure:4957: test -z 
			 || test ! -s conftest.err
configure:4960: $? = 0
configure:4963: test -s conftest.o
configure:4966: $? = 0
configure:4977: result: yes
configure:4931: checking for strings.h
configure:4947: gcc -c -g -O2  conftest.c >&5
configure:4953: $? = 0
configure:4957: test -z 
			 || test ! -s conftest.err
configure:4960: $? = 0
configure:4963: test -s conftest.o
configure:4966: $? = 0
configure:4977: result: yes
configure:4931: checking for inttypes.h
configure:4947: gcc -c -g -O2  conftest.c >&5
configure:4953: $? = 0
configure:4957: test -z 
			 || test ! -s conftest.err
configure:4960: $? = 0
configure:4963: test -s conftest.o
configure:4966: $? = 0
configure:4977: result: yes
configure:4931: checking for stdint.h
configure:4947: gcc -c -g -O2  conftest.c >&5
configure:4953: $? = 0
configure:4957: test -z 
			 || test ! -s conftest.err
configure:4960: $? = 0
configure:4963: test -s conftest.o
configure:4966: $? = 0
configure:4977: result: yes
configure:4931: checking for unistd.h
configure:4947: gcc -c -g -O2  conftest.c >&5
configure:4953: $? = 0
configure:4957: test -z 
			 || test ! -s conftest.err
configure:4960: $? = 0
configure:4963: test -s conftest.o
configure:4966: $? = 0
configure:4977: result: yes
configure:5003: checking dlfcn.h usability
configure:5015: gcc -c -g -O2  conftest.c >&5
configure:5021: $? = 0
configure:5025: test -z 
			 || test ! -s conftest.err
configure:5028: $? = 0
configure:5031: test -s conftest.o
configure:5034: $? = 0
configure:5044: result: yes
configure:5048: checking dlfcn.h presence
configure:5058: gcc -E  conftest.c
configure:5064: $? = 0
configure:5084: result: yes
configure:5119: checking for dlfcn.h
configure:5126: result: yes
configure:5191: checking for g++
configure:5207: found /usr/local/bin/g++
configure:5217: result: g++
configure:5233: checking for C++ compiler version
configure:5236: g++ --version </dev/null >&5
g++ (GCC) 4.1.0 (SUSE Linux)
Copyright (C) 2006 Free Software Foundation, Inc.
This is free software; see the source for copying conditions.  There is NO
warranty; not even for MERCHANTABILITY or FITNESS FOR A PARTICULAR PURPOSE.

configure:5239: $? = 0
configure:5241: g++ -v </dev/null >&5
Using built-in specs.
Target: i586-suse-linux
Configured with: ../configure --enable-threads=posix --prefix=/usr --with-local-prefix=/usr/local --infodir=/usr/share/info --mandir=/usr/share/man --libdir=/usr/lib --libexecdir=/usr/lib --enable-languages=c,c++,objc,fortran,java,ada --enable-checking=release --with-gxx-include-dir=/usr/include/c++/4.1.0 --enable-ssp --disable-libssp --enable-java-awt=gtk --enable-gtk-cairo --disable-libjava-multilib --with-slibdir=/lib --with-system-zlib --enable-shared --enable-__cxa_atexit --enable-libstdcxx-allocator=new --without-system-libunwind --with-cpu=generic --host=i586-suse-linux
Thread model: posix
gcc version 4.1.0 (SUSE Linux)
configure:5244: $? = 0
configure:5246: g++ -V </dev/null >&5
g++: '-V' option must have argument
configure:5249: $? = 1
configure:5252: checking whether we are using the GNU C++ compiler
configure:5276: g++ -c   conftest.cc >&5
configure:5282: $? = 0
configure:5286: test -z 
			 || test ! -s conftest.err
configure:5289: $? = 0
configure:5292: test -s conftest.o
configure:5295: $? = 0
configure:5308: result: yes
configure:5314: checking whether g++ accepts -g
configure:5335: g++ -c -g  conftest.cc >&5
configure:5341: $? = 0
configure:5345: test -z 
			 || test ! -s conftest.err
configure:5348: $? = 0
configure:5351: test -s conftest.o
configure:5354: $? = 0
configure:5365: result: yes
configure:5407: g++ -c -g -O2  conftest.cc >&5
configure:5413: $? = 0
configure:5417: test -z 
			 || test ! -s conftest.err
configure:5420: $? = 0
configure:5423: test -s conftest.o
configure:5426: $? = 0
configure:5452: g++ -c -g -O2  conftest.cc >&5
conftest.cc: In function 'int main()':
conftest.cc:26: error: 'exit' was not declared in this scope
configure:5458: $? = 1
configure: failed program was:
| /* confdefs.h.  */
| 
| #define PACKAGE_NAME "fenice"
| #define PACKAGE_TARNAME "fenice"
| #define PACKAGE_VERSION "1.11"
| #define PACKAGE_STRING "fenice 1.11"
| #define PACKAGE_BUGREPORT ""
| #define PACKAGE "fenice"
| #define VERSION "1.11"
| #define STDC_HEADERS 1
| #define HAVE_SYS_TYPES_H 1
| #define HAVE_SYS_STAT_H 1
| #define HAVE_STDLIB_H 1
| #define HAVE_STRING_H 1
| #define HAVE_MEMORY_H 1
| #define HAVE_STRINGS_H 1
| #define HAVE_INTTYPES_H 1
| #define HAVE_STDINT_H 1
| #define HAVE_UNISTD_H 1
| #define HAVE_DLFCN_H 1
| /* end confdefs.h.  */
| 
| int
| main ()
| {
| exit (42);
|   ;
|   return 0;
| }
configure:5407: g++ -c -g -O2  conftest.cc >&5
configure:5413: $? = 0
configure:5417: test -z 
			 || test ! -s conftest.err
configure:5420: $? = 0
configure:5423: test -s conftest.o
configure:5426: $? = 0
configure:5452: g++ -c -g -O2  conftest.cc >&5
configure:5458: $? = 0
configure:5462: test -z 
			 || test ! -s conftest.err
configure:5465: $? = 0
configure:5468: test -s conftest.o
configure:5471: $? = 0
configure:5496: checking dependency style of g++
configure:5586: result: gcc3
configure:5613: checking how to run the C++ preprocessor
configure:5644: g++ -E  conftest.cc
configure:5650: $? = 0
configure:5682: g++ -E  conftest.cc
conftest.cc:25:28: error: ac_nonexistent.h: No such file or directory
configure:5688: $? = 1
configure: failed program was:
| /* confdefs.h.  */
| 
| #define PACKAGE_NAME "fenice"
| #define PACKAGE_TARNAME "fenice"
| #define PACKAGE_VERSION "1.11"
| #define PACKAGE_STRING "fenice 1.11"
| #define PACKAGE_BUGREPORT ""
| #define PACKAGE "fenice"
| #define VERSION "1.11"
| #define STDC_HEADERS 1
| #define HAVE_SYS_TYPES_H 1
| #define HAVE_SYS_STAT_H 1
| #define HAVE_STDLIB_H 1
| #define HAVE_STRING_H 1
| #define HAVE_MEMORY_H 1
| #define HAVE_STRINGS_H 1
| #define HAVE_INTTYPES_H 1
| #define HAVE_STDINT_H 1
| #define HAVE_UNISTD_H 1
| #define HAVE_DLFCN_H 1
| #ifdef __cplusplus
| extern "C" void std::exit (int) throw (); using std::exit;
| #endif
| /* end confdefs.h.  */
| #include <ac_nonexistent.h>
configure:5727: result: g++ -E
configure:5751: g++ -E  conftest.cc
configure:5757: $? = 0
configure:5789: g++ -E  conftest.cc
conftest.cc:25:28: error: ac_nonexistent.h: No such file or directory
configure:5795: $? = 1
configure: failed program was:
| /* confdefs.h.  */
| 
| #define PACKAGE_NAME "fenice"
| #define PACKAGE_TARNAME "fenice"
| #define PACKAGE_VERSION "1.11"
| #define PACKAGE_STRING "fenice 1.11"
| #define PACKAGE_BUGREPORT ""
| #define PACKAGE "fenice"
| #define VERSION "1.11"
| #define STDC_HEADERS 1
| #define HAVE_SYS_TYPES_H 1
| #define HAVE_SYS_STAT_H 1
| #define HAVE_STDLIB_H 1
| #define HAVE_STRING_H 1
| #define HAVE_MEMORY_H 1
| #define HAVE_STRINGS_H 1
| #define HAVE_INTTYPES_H 1
| #define HAVE_STDINT_H 1
| #define HAVE_UNISTD_H 1
| #define HAVE_DLFCN_H 1
| #ifdef __cplusplus
| extern "C" void std::exit (int) throw (); using std::exit;
| #endif
| /* end confdefs.h.  */
| #include <ac_nonexistent.h>
configure:5892: checking for g77
configure:5921: result: no
configure:5892: checking for f77
configure:5921: result: no
configure:5892: checking for xlf
configure:5921: result: no
configure:5892: checking for frt
configure:5921: result: no
configure:5892: checking for pgf77
configure:5921: result: no
configure:5892: checking for fort77
configure:5921: result: no
configure:5892: checking for fl32
configure:5921: result: no
configure:5892: checking for af77
configure:5921: result: no
configure:5892: checking for f90
configure:5921: result: no
configure:5892: checking for xlf90
configure:5921: result: no
configure:5892: checking for pgf90
configure:5921: result: no
configure:5892: checking for epcf90
configure:5921: result: no
configure:5892: checking for f95
configure:5921: result: no
configure:5892: checking for fort
configure:5921: result: no
configure:5892: checking for xlf95
configure:5921: result: no
configure:5892: checking for ifc
configure:5921: result: no
configure:5892: checking for efc
configure:5921: result: no
configure:5892: checking for pgf95
configure:5921: result: no
configure:5892: checking for lf95
configure:5921: result: no
configure:5892: checking for gfortran
configure:5921: result: no
configure:5933: checking for Fortran 77 compiler version
configure:5936:  --version </dev/null >&5
./configure: line 5937: --version: command not found
configure:5939: $? = 127
configure:5941:  -v </dev/null >&5
./configure: line 5942: -v: command not found
configure:5944: $? = 127
configure:5946:  -V </dev/null >&5
./configure: line 5947: -V: command not found
configure:5949: $? = 127
configure:5957: checking whether we are using the GNU Fortran 77 compiler
configure:5971:  -c  conftest.F >&5
./configure: line 5972: -c: command not found
configure:5977: $? = 127
configure: failed program was:
|       program main
| #ifndef __GNUC__
|        choke me
| #endif
| 
|       end
configure:6003: result: no
configure:6009: checking whether  accepts -g
configure:6021:  -c -g conftest.f >&5
./configure: line 6022: -c: command not found
configure:6027: $? = 127
configure: failed program was:
|       program main
| 
|       end
configure:6052: result: no
configure:6082: checking the maximum length of command line arguments
configure:6191: result: 32768
configure:6202: checking command to parse /usr/bin/nm -B output from gcc object
configure:6307: gcc -c -g -O2  conftest.c >&5
configure:6310: $? = 0
configure:6314: /usr/bin/nm -B conftest.o \| sed -n -e 's/^.*[ 	]\([ABCDGIRSTW][ABCDGIRSTW]*\)[ 	][ 	]*\([_A-Za-z][_A-Za-z0-9]*\)$/\1 \2 \2/p' \> conftest.nm
configure:6317: $? = 0
configure:6369: gcc -o conftest -g -O2   conftest.c conftstm.o >&5
configure:6372: $? = 0
configure:6410: result: ok
configure:6414: checking for objdir
configure:6429: result: .libs
configure:6519: checking for ar
configure:6535: found /usr/bin/ar
configure:6546: result: ar
configure:6599: checking for ranlib
configure:6615: found /usr/bin/ranlib
configure:6626: result: ranlib
configure:6679: checking for strip
configure:6695: found /usr/bin/strip
configure:6706: result: strip
configure:6978: checking if gcc supports -fno-rtti -fno-exceptions
configure:6996: gcc -c -g -O2  -fno-rtti -fno-exceptions conftest.c >&5
cc1: warning: command line option "-fno-rtti" is valid for C++/ObjC++ but not for C
configure:7000: $? = 0
configure:7013: result: no
configure:7028: checking for gcc option to produce PIC
configure:7238: result: -fPIC
configure:7246: checking if gcc PIC flag -fPIC works
configure:7264: gcc -c -g -O2  -fPIC -DPIC conftest.c >&5
configure:7268: $? = 0
configure:7281: result: yes
configure:7309: checking if gcc static flag -static works
configure:7337: result: yes
configure:7347: checking if gcc supports -c -o file.o
configure:7368: gcc -c -g -O2  -o out/conftest2.o conftest.c >&5
configure:7372: $? = 0
configure:7394: result: yes
configure:7420: checking whether the gcc linker (/usr/i586-suse-linux/bin/ld) supports shared libraries
configure:8378: result: yes
configure:8399: checking whether -lc should be explicitly linked in
configure:8404: gcc -c -g -O2  conftest.c >&5
configure:8407: $? = 0
configure:8422: gcc -shared conftest.o  -v -Wl,-soname -Wl,conftest -o conftest 2\>\&1 \| grep  -lc  \>/dev/null 2\>\&1
configure:8425: $? = 0
configure:8437: result: no
configure:8445: checking dynamic linker characteristics
configure:9054: result: GNU/Linux ld.so
configure:9063: checking how to hardcode library paths into programs
configure:9088: result: immediate
configure:9102: checking whether stripping libraries is possible
configure:9107: result: yes
configure:9941: checking if libtool supports shared libraries
configure:9943: result: yes
configure:9946: checking whether to build shared libraries
configure:9967: result: yes
configure:9970: checking whether to build static libraries
configure:9974: result: yes
configure:10066: creating libtool
configure:10654: checking for ld used by g++
configure:10721: result: /usr/i586-suse-linux/bin/ld
configure:10730: checking if the linker (/usr/i586-suse-linux/bin/ld) is GNU ld
configure:10745: result: yes
configure:10796: checking whether the g++ linker (/usr/i586-suse-linux/bin/ld) supports shared libraries
configure:11734: result: yes
configure:11752: g++ -c -g -O2  conftest.cpp >&5
configure:11755: $? = 0
configure:11874: checking for g++ option to produce PIC
configure:12148: result: -fPIC
configure:12156: checking if g++ PIC flag -fPIC works
configure:12174: g++ -c -g -O2  -fPIC -DPIC conftest.cpp >&5
configure:12178: $? = 0
configure:12191: result: yes
configure:12219: checking if g++ static flag -static works
configure:12247: result: yes
configure:12257: checking if g++ supports -c -o file.o
configure:12278: g++ -c -g -O2  -o out/conftest2.o conftest.cpp >&5
configure:12282: $? = 0
configure:12304: result: yes
configure:12330: checking whether the g++ linker (/usr/i586-suse-linux/bin/ld) supports shared libraries
configure:12355: result: yes
configure:12422: checking dynamic linker characteristics
configure:13031: result: GNU/Linux ld.so
configure:13040: checking how to hardcode library paths into programs
configure:13065: result: immediate
configure:19260: checking whether byte ordering is bigendian
configure:19287: gcc -c -g -O2  conftest.c >&5
configure:19293: $? = 0
configure:19297: test -z 
			 || test ! -s conftest.err
configure:19300: $? = 0
configure:19303: test -s conftest.o
configure:19306: $? = 0
configure:19330: gcc -c -g -O2  conftest.c >&5
conftest.c: In function 'main':
conftest.c:32: error: 'not' undeclared (first use in this function)
conftest.c:32: error: (Each undeclared identifier is reported only once
conftest.c:32: error: for each function it appears in.)
conftest.c:32: error: expected ';' before 'big'
configure:19336: $? = 1
configure: failed program was:
| /* confdefs.h.  */
| 
| #define PACKAGE_NAME "fenice"
| #define PACKAGE_TARNAME "fenice"
| #define PACKAGE_VERSION "1.11"
| #define PACKAGE_STRING "fenice 1.11"
| #define PACKAGE_BUGREPORT ""
| #define PACKAGE "fenice"
| #define VERSION "1.11"
| #define STDC_HEADERS 1
| #define HAVE_SYS_TYPES_H 1
| #define HAVE_SYS_STAT_H 1
| #define HAVE_STDLIB_H 1
| #define HAVE_STRING_H 1
| #define HAVE_MEMORY_H 1
| #define HAVE_STRINGS_H 1
| #define HAVE_INTTYPES_H 1
| #define HAVE_STDINT_H 1
| #define HAVE_UNISTD_H 1
| #define HAVE_DLFCN_H 1
| #ifdef __cplusplus
| extern "C" void std::exit (int) throw (); using std::exit;
| #endif
| /* end confdefs.h.  */
| #include <sys/types.h>
| #include <sys/param.h>
| 
| int
| main ()
| {
| #if BYTE_ORDER != BIG_ENDIAN
|  not big endian
| #endif
| 
|   ;
|   return 0;
| }
configure:19471: result: no
configure:19492: checking for pthread_create in -lpthread
configure:19522: gcc -o conftest -g -O2   conftest.c -lpthread   >&5
configure:19528: $? = 0
configure:19532: test -z 
			 || test ! -s conftest.err
configure:19535: $? = 0
configure:19538: test -s conftest
configure:19541: $? = 0
configure:19554: result: yes
configure:19567: checking for main in -lm
configure:19591: gcc -o conftest -g -O2   conftest.c -lm  -lpthread  >&5
configure:19597: $? = 0
configure:19601: test -z 
			 || test ! -s conftest.err
configure:19604: $? = 0
configure:19607: test -s conftest
configure:19610: $? = 0
configure:19623: result: yes
configure:19643: checking for dirent.h that defines DIR
configure:19667: gcc -c -g -O2  conftest.c >&5
configure:19673: $? = 0
configure:19677: test -z 
			 || test ! -s conftest.err
configure:19680: $? = 0
configure:19683: test -s conftest.o
configure:19686: $? = 0
configure:19697: result: yes
configure:19710: checking for library containing opendir
configure:19740: gcc -o conftest -g -O2   conftest.c -lm -lpthread  >&5
configure:19746: $? = 0
configure:19750: test -z 
			 || test ! -s conftest.err
configure:19753: $? = 0
configure:19756: test -s conftest
configure:19759: $? = 0
configure:19829: result: none required
configure:19965: checking for ANSI C header files
configure:20121: result: yes
configure:20131: checking whether time.h and sys/time.h may both be included
configure:20156: gcc -c -g -O2  conftest.c >&5
configure:20162: $? = 0
configure:20166: test -z 
			 || test ! -s conftest.err
configure:20169: $? = 0
configure:20172: test -s conftest.o
configure:20175: $? = 0
configure:20186: result: yes
configure:20218: checking sys/time.h usability
configure:20230: gcc -c -g -O2  conftest.c >&5
configure:20236: $? = 0
configure:20240: test -z 
			 || test ! -s conftest.err
configure:20243: $? = 0
configure:20246: test -s conftest.o
configure:20249: $? = 0
configure:20259: result: yes
configure:20263: checking sys/time.h presence
configure:20273: gcc -E  conftest.c
configure:20279: $? = 0
configure:20299: result: yes
configure:20334: checking for sys/time.h
configure:20341: result: yes
configure:20209: checking for unistd.h
configure:20214: result: yes
configure:20209: checking for strings.h
configure:20214: result: yes
configure:20218: checking errno.h usability
configure:20230: gcc -c -g -O2  conftest.c >&5
configure:20236: $? = 0
configure:20240: test -z 
			 || test ! -s conftest.err
configure:20243: $? = 0
configure:20246: test -s conftest.o
configure:20249: $? = 0
configure:20259: result: yes
configure:20263: checking errno.h presence
configure:20273: gcc -E  conftest.c
configure:20279: $? = 0
configure:20299: result: yes
configure:20334: checking for errno.h
configure:20341: result: yes
configure:20218: checking fcntl.h usability
configure:20230: gcc -c -g -O2  conftest.c >&5
configure:20236: $? = 0
configure:20240: test -z 
			 || test ! -s conftest.err
configure:20243: $? = 0
configure:20246: test -s conftest.o
configure:20249: $? = 0
configure:20259: result: yes
configure:20263: checking fcntl.h presence
configure:20273: gcc -E  conftest.c
configure:20279: $? = 0
configure:20299: result: yes
configure:20334: checking for fcntl.h
configure:20341: result: yes
configure:20218: checking malloc.h usability
configure:20230: gcc -c -g -O2  conftest.c >&5
configure:20236: $? = 0
configure:20240: test -z 
			 || test ! -s conftest.err
configure:20243: $? = 0
configure:20246: test -s conftest.o
configure:20249: $? = 0
configure:20259: result: yes
configure:20263: checking malloc.h presence
configure:20273: gcc -E  conftest.c
configure:20279: $? = 0
configure:20299: result: yes
configure:20334: checking for malloc.h
configure:20341: result: yes
configure:20218: checking sys/ioctl.h usability
configure:20230: gcc -c -g -O2  conftest.c >&5
configure:20236: $? = 0
configure:20240: test -z 
			 || test ! -s conftest.err
configure:20243: $? = 0
configure:20246: test -s conftest.o
configure:20249: $? = 0
configure:20259: result: yes
configure:20263: checking sys/ioctl.h presence
configure:20273: gcc -E  conftest.c
configure:20279: $? = 0
configure:20299: result: yes
configure:20334: checking for sys/ioctl.h
configure:20341: result: yes
configure:20218: checking getopt.h usability
configure:20230: gcc -c -g -O2  conftest.c >&5
configure:20236: $? = 0
configure:20240: test -z 
			 || test ! -s conftest.err
configure:20243: $? = 0
configure:20246: test -s conftest.o
configure:20249: $? = 0
configure:20259: result: yes
configure:20263: checking getopt.h presence
configure:20273: gcc -E  conftest.c
configure:20279: $? = 0
configure:20299: result: yes
configure:20334: checking for getopt.h
configure:20341: result: yes
configure:20218: checking syslog.h usability
configure:20230: gcc -c -g -O2  conftest.c >&5
configure:20236: $? = 0
configure:20240: test -z 
			 || test ! -s conftest.err
configure:20243: $? = 0
configure:20246: test -s conftest.o
configure:20249: $? = 0
configure:20259: result: yes
configure:20263: checking syslog.h presence
configure:20273: gcc -E  conftest.c
configure:20279: $? = 0
configure:20299: result: yes
configure:20334: checking for syslog.h
configure:20341: result: yes
configure:20355: checking for an ANSI C-conforming const
configure:20422: gcc -c -g -O2  conftest.c >&5
configure:20428: $? = 0
configure:20432: test -z 
			 || test ! -s conftest.err
configure:20435: $? = 0
configure:20438: test -s conftest.o
configure:20441: $? = 0
configure:20452: result: yes
configure:20462: checking for size_t
configure:20486: gcc -c -g -O2  conftest.c >&5
configure:20492: $? = 0
configure:20496: test -z 
			 || test ! -s conftest.err
configure:20499: $? = 0
configure:20502: test -s conftest.o
configure:20505: $? = 0
configure:20516: result: yes
configure:20528: checking for uid_t in sys/types.h
configure:20551: result: yes
configure:20566: checking for pid_t
configure:20590: gcc -c -g -O2  conftest.c >&5
configure:20596: $? = 0
configure:20600: test -z 
			 || test ! -s conftest.err
configure:20603: $? = 0
configure:20606: test -s conftest.o
configure:20609: $? = 0
configure:20620: result: yes
configure:20632: checking for inline
configure:20653: gcc -c -g -O2  conftest.c >&5
configure:20659: $? = 0
configure:20663: test -z 
			 || test ! -s conftest.err
configure:20666: $? = 0
configure:20669: test -s conftest.o
configure:20672: $? = 0
configure:20684: result: inline
configure:20703: checking whether time.h and sys/time.h may both be included
configure:20758: result: yes
configure:20771: checking for working alloca.h
configure:20792: gcc -o conftest -g -O2   conftest.c -lm -lpthread  >&5
configure:20798: $? = 0
configure:20802: test -z 
			 || test ! -s conftest.err
configure:20805: $? = 0
configure:20808: test -s conftest
configure:20811: $? = 0
configure:20823: result: yes
configure:20833: checking for alloca
configure:20874: gcc -o conftest -g -O2   conftest.c -lm -lpthread  >&5
configure:20880: $? = 0
configure:20884: test -z 
			 || test ! -s conftest.err
configure:20887: $? = 0
configure:20890: test -s conftest
configure:20893: $? = 0
configure:20905: result: yes
configure:21128: checking for working memcmp
configure:21176: gcc -o conftest -g -O2   conftest.c -lm -lpthread  >&5
configure:21179: $? = 0
configure:21181: ./conftest
configure:21184: $? = 0
configure:21198: result: yes
configure:21215: checking for stdlib.h
configure:21220: result: yes
configure:21215: checking for unistd.h
configure:21220: result: yes
configure:21364: checking for getpagesize
configure:21421: gcc -o conftest -g -O2   conftest.c -lm -lpthread  >&5
configure:21427: $? = 0
configure:21431: test -z 
			 || test ! -s conftest.err
configure:21434: $? = 0
configure:21437: test -s conftest
configure:21440: $? = 0
configure:21452: result: yes
configure:21462: checking for working mmap
configure:21604: gcc -o conftest -g -O2   conftest.c -lm -lpthread  >&5
configure:21607: $? = 0
configure:21609: ./conftest
configure:21612: $? = 0
configure:21626: result: yes
configure:21641: checking for vprintf
configure:21698: gcc -o conftest -g -O2   conftest.c -lm -lpthread  >&5
conftest.c:70: warning: conflicting types for built-in function 'vprintf'
configure:21704: $? = 0
configure:21708: test -z 
			 || test ! -s conftest.err
configure:21711: $? = 0
configure:21714: test -s conftest
configure:21717: $? = 0
configure:21729: result: yes
configure:21736: checking for _doprnt
configure:21793: gcc -o conftest -g -O2   conftest.c -lm -lpthread  >&5
/tmp/ccMEFT0m.o: In function `main':
/home/zhuqing/streammedia_server/fenice-1.11/conftest.c:86: undefined reference to `_doprnt'
/tmp/ccMEFT0m.o:(.data+0x0): undefined reference to `_doprnt'
collect2: ld returned 1 exit status
configure:21799: $? = 1
configure: failed program was:
| /* confdefs.h.  */
| 
| #define PACKAGE_NAME "fenice"
| #define PACKAGE_TARNAME "fenice"
| #define PACKAGE_VERSION "1.11"
| #define PACKAGE_STRING "fenice 1.11"
| #define PACKAGE_BUGREPORT ""
| #define PACKAGE "fenice"
| #define VERSION "1.11"
| #define STDC_HEADERS 1
| #define HAVE_SYS_TYPES_H 1
| #define HAVE_SYS_STAT_H 1
| #define HAVE_STDLIB_H 1
| #define HAVE_STRING_H 1
| #define HAVE_MEMORY_H 1
| #define HAVE_STRINGS_H 1
| #define HAVE_INTTYPES_H 1
| #define HAVE_STDINT_H 1
| #define HAVE_UNISTD_H 1
| #define HAVE_DLFCN_H 1
| #ifdef __cplusplus
| extern "C" void std::exit (int) throw (); using std::exit;
| #endif
| #define HAVE_LIBPTHREAD 1
| #define HAVE_LIBM 1
| #define HAVE_DIRENT_H 1
| #define STDC_HEADERS 1
| #define TIME_WITH_SYS_TIME 1
| #define HAVE_SYS_TIME_H 1
| #define HAVE_UNISTD_H 1
| #define HAVE_STRINGS_H 1
| #define HAVE_ERRNO_H 1
| #define HAVE_FCNTL_H 1
| #define HAVE_MALLOC_H 1
| #define HAVE_SYS_IOCTL_H 1
| #define HAVE_GETOPT_H 1
| #define HAVE_SYSLOG_H 1
| #define TIME_WITH_SYS_TIME 1
| #define HAVE_ALLOCA_H 1
| #define HAVE_ALLOCA 1
| #define HAVE_STDLIB_H 1
| #define HAVE_UNISTD_H 1
| #define HAVE_GETPAGESIZE 1
| #define HAVE_MMAP 1
| #define HAVE_VPRINTF 1
| /* end confdefs.h.  */
| /* Define _doprnt to an innocuous variant, in case <limits.h> declares _doprnt.
|    For example, HP-UX 11i <limits.h> declares gettimeofday.  */
| #define _doprnt innocuous__doprnt
| 
| /* System header to define __stub macros and hopefully few prototypes,
|     which can conflict with char _doprnt (); below.
|     Prefer <limits.h> to <assert.h> if __STDC__ is defined, since
|     <limits.h> exists even on freestanding compilers.  */
| 
| #ifdef __STDC__
| # include <limits.h>
| #else
| # include <assert.h>
| #endif
| 
| #undef _doprnt
| 
| /* Override any gcc2 internal prototype to avoid an error.  */
| #ifdef __cplusplus
| extern "C"
| {
| #endif
| /* We use char because int might match the return type of a gcc2
|    builtin and then its argument prototype would still apply.  */
| char _doprnt ();
| /* The GNU C library defines this for functions which it implements
|     to always fail with ENOSYS.  Some functions are actually named
|     something starting with __ and the normal name is an alias.  */
| #if defined (__stub__doprnt) || defined (__stub____doprnt)
| choke me
| #else
| char (*f) () = _doprnt;
| #endif
| #ifdef __cplusplus
| }
| #endif
| 
| int
| main ()
| {
| return f != _doprnt;
|   ;
|   return 0;
| }
configure:21824: result: no
configure:21853: checking for select
configure:21910: gcc -o conftest -g -O2   conftest.c -lm -lpthread  >&5
configure:21916: $? = 0
configure:21920: test -z 
			 || test ! -s conftest.err
configure:21923: $? = 0
configure:21926: test -s conftest
configure:21929: $? = 0
configure:21941: result: yes
configure:21853: checking for socket
configure:21910: gcc -o conftest -g -O2   conftest.c -lm -lpthread  >&5
configure:21916: $? = 0
configure:21920: test -z 
			 || test ! -s conftest.err
configure:21923: $? = 0
configure:21926: test -s conftest
configure:21929: $? = 0
configure:21941: result: yes
configure:21853: checking for gettimeofday
configure:21910: gcc -o conftest -g -O2   conftest.c -lm -lpthread  >&5
configure:21916: $? = 0
configure:21920: test -z 
			 || test ! -s conftest.err
configure:21923: $? = 0
configure:21926: test -s conftest
configure:21929: $? = 0
configure:21941: result: yes
configure:21853: checking for uname
configure:21910: gcc -o conftest -g -O2   conftest.c -lm -lpthread  >&5
configure:21916: $? = 0
configure:21920: test -z 
			 || test ! -s conftest.err
configure:21923: $? = 0
configure:21926: test -s conftest
configure:21929: $? = 0
configure:21941: result: yes
configure:21853: checking for getcwd
configure:21910: gcc -o conftest -g -O2   conftest.c -lm -lpthread  >&5
configure:21916: $? = 0
configure:21920: test -z 
			 || test ! -s conftest.err
configure:21923: $? = 0
configure:21926: test -s conftest
configure:21929: $? = 0
configure:21941: result: yes
configure:21853: checking for getwd
configure:21910: gcc -o conftest -g -O2   conftest.c -lm -lpthread  >&5
/tmp/cci9k3EB.o: In function `main':
/home/zhuqing/streammedia_server/fenice-1.11/conftest.c:91: warning: the `getwd' function is dangerous and should not be used.
configure:21916: $? = 0
configure:21920: test -z 
			 || test ! -s conftest.err
configure:21923: $? = 0
configure:21926: test -s conftest
configure:21929: $? = 0
configure:21941: result: yes
configure:21853: checking for strcspn
configure:21910: gcc -o conftest -g -O2   conftest.c -lm -lpthread  >&5
conftest.c:77: warning: conflicting types for built-in function 'strcspn'
configure:21916: $? = 0
configure:21920: test -z 
			 || test ! -s conftest.err
configure:21923: $? = 0
configure:21926: test -s conftest
configure:21929: $? = 0
configure:21941: result: yes
configure:21853: checking for strdup
configure:21910: gcc -o conftest -g -O2   conftest.c -lm -lpthread  >&5
conftest.c:78: warning: conflicting types for built-in function 'strdup'
configure:21916: $? = 0
configure:21920: test -z 
			 || test ! -s conftest.err
configure:21923: $? = 0
configure:21926: test -s conftest
configure:21929: $? = 0
configure:21941: result: yes
configure:21853: checking for strtoul
configure:21910: gcc -o conftest -g -O2   conftest.c -lm -lpthread  >&5
configure:21916: $? = 0
configure:21920: test -z 
			 || test ! -s conftest.err
configure:21923: $? = 0
configure:21926: test -s conftest
configure:21929: $? = 0
configure:21941: result: yes
configure:21853: checking for strerror
configure:21910: gcc -o conftest -g -O2   conftest.c -lm -lpthread  >&5
configure:21916: $? = 0
configure:21920: test -z 
			 || test ! -s conftest.err
configure:21923: $? = 0
configure:21926: test -s conftest
configure:21929: $? = 0
configure:21941: result: yes
configure:21853: checking for strstr
configure:21910: gcc -o conftest -g -O2   conftest.c -lm -lpthread  >&5
conftest.c:81: warning: conflicting types for built-in function 'strstr'
configure:21916: $? = 0
configure:21920: test -z 
			 || test ! -s conftest.err
configure:21923: $? = 0
configure:21926: test -s conftest
configure:21929: $? = 0
configure:21941: result: yes
configure:21853: checking for setenv
configure:21910: gcc -o conftest -g -O2   conftest.c -lm -lpthread  >&5
configure:21916: $? = 0
configure:21920: test -z 
			 || test ! -s conftest.err
configure:21923: $? = 0
configure:21926: test -s conftest
configure:21929: $? = 0
configure:21941: result: yes
configure:21951: checking for getaddrinfo
configure:22008: gcc -o conftest -g -O2   conftest.c -lm -lpthread  >&5
configure:22014: $? = 0
configure:22018: test -z 
			 || test ! -s conftest.err
configure:22021: $? = 0
configure:22024: test -s conftest
configure:22027: $? = 0
configure:22039: result: yes
configure:22043: checking for struct sockaddr_storage
configure:22068: gcc -c -g -O2  conftest.c >&5
configure:22074: $? = 0
configure:22078: test -z 
			 || test ! -s conftest.err
configure:22081: $? = 0
configure:22084: test -s conftest.o
configure:22087: $? = 0
configure:22098: result: yes
configure:22711: creating ./config.status

## ---------------------- ##
## Running config.status. ##
## ---------------------- ##

This file was extended by fenice config.status 1.11, which was
generated by GNU Autoconf 2.59.  Invocation command line was

  CONFIG_FILES    = 
  CONFIG_HEADERS  = 
  CONFIG_LINKS    = 
  CONFIG_COMMANDS = 
  $ ./config.status 

on linux-4rne

config.status:764: creating Makefile
config.status:764: creating eventloop/Makefile
config.status:764: creating rtp/Makefile
config.status:764: creating rtcp/Makefile
config.status:764: creating intnet/Makefile
config.status:764: creating rtsp/Makefile
config.status:764: creating mediainfo/Makefile
config.status:764: creating sdp/Makefile
config.status:764: creating src/Makefile
config.status:764: creating md5/Makefile
config.status:764: creating socket/Makefile
config.status:764: creating schedule/Makefile
config.status:764: creating xmlparser/Makefile
config.status:764: creating multicast/Makefile
config.status:764: creating command_environment/Makefile
config.status:764: creating docs/Makefile
config.status:764: creating docs/howto/Makefile
config.status:764: creating etc/Makefile
config.status:764: creating avroot/Makefile
config.status:764: creating bufferpool/Makefile
config.status:868: creating config.h
config.status:1266: executing depfiles commands
configure:24084: config files successfully generated!

Fenice Install prefix .......... : /usr/local
Fenice Binary path ............. : /usr/local/bin/fenice
Fenice Configuration path .......: /etc
Fenice Log File .................: /var/log/fenice.log
Fenice Multimedia Files root ....: /srv/fenice/avroot
Fenice RTSP listening port ......: 554


 'make' will now compile Fenice and 'su -c make install' will install it.
 Note: On non-Linux systems you might need to use 'gmake' instead of 'make'.


## ---------------- ##
## Cache variables. ##
## ---------------- ##

ac_cv_build=i686-pc-linux-gnu
ac_cv_build_alias=i686-pc-linux-gnu
ac_cv_c_bigendian=no
ac_cv_c_compiler_gnu=yes
ac_cv_c_const=yes
ac_cv_c_inline=inline
ac_cv_cxx_compiler_gnu=yes
ac_cv_env_CC_set=
ac_cv_env_CC_value=
ac_cv_env_CFLAGS_set=
ac_cv_env_CFLAGS_value=
ac_cv_env_CPPFLAGS_set=
ac_cv_env_CPPFLAGS_value=
ac_cv_env_CPP_set=
ac_cv_env_CPP_value=
ac_cv_env_CXXCPP_set=
ac_cv_env_CXXCPP_value=
ac_cv_env_CXXFLAGS_set=
ac_cv_env_CXXFLAGS_value=
ac_cv_env_CXX_set=
ac_cv_env_CXX_value=
ac_cv_env_F77_set=
ac_cv_env_F77_value=
ac_cv_env_FFLAGS_set=
ac_cv_env_FFLAGS_value=
ac_cv_env_LDFLAGS_set=
ac_cv_env_LDFLAGS_value=
ac_cv_env_build_alias_set=
ac_cv_env_build_alias_value=
ac_cv_env_host_alias_set=
ac_cv_env_host_alias_value=
ac_cv_env_target_alias_set=
ac_cv_env_target_alias_value=
ac_cv_exeext=
ac_cv_f77_compiler_gnu=no
ac_cv_func__doprnt=no
ac_cv_func_alloca_works=yes
ac_cv_func_getaddrinfo=yes
ac_cv_func_getcwd=yes
ac_cv_func_getpagesize=yes
ac_cv_func_gettimeofday=yes
ac_cv_func_getwd=yes
ac_cv_func_memcmp_working=yes
ac_cv_func_mmap_fixed_mapped=yes
ac_cv_func_select=yes
ac_cv_func_setenv=yes
ac_cv_func_socket=yes
ac_cv_func_strcspn=yes
ac_cv_func_strdup=yes
ac_cv_func_strerror=yes
ac_cv_func_strstr=yes
ac_cv_func_strtoul=yes
ac_cv_func_uname=yes
ac_cv_func_vprintf=yes
ac_cv_header_dirent_dirent_h=yes
ac_cv_header_dlfcn_h=yes
ac_cv_header_errno_h=yes
ac_cv_header_fcntl_h=yes
ac_cv_header_getopt_h=yes
ac_cv_header_inttypes_h=yes
ac_cv_header_malloc_h=yes
ac_cv_header_memory_h=yes
ac_cv_header_stdc=yes
ac_cv_header_stdint_h=yes
ac_cv_header_stdlib_h=yes
ac_cv_header_string_h=yes
ac_cv_header_strings_h=yes
ac_cv_header_sys_ioctl_h=yes
ac_cv_header_sys_stat_h=yes
ac_cv_header_sys_time_h=yes
ac_cv_header_sys_types_h=yes
ac_cv_header_syslog_h=yes
ac_cv_header_time=yes
ac_cv_header_unistd_h=yes
ac_cv_host=i686-pc-linux-gnu
ac_cv_host_alias=i686-pc-linux-gnu
ac_cv_lib_m_main=yes
ac_cv_lib_pthread_pthread_create=yes
ac_cv_objext=o
ac_cv_path_ac_prefix_program=/usr/local/bin/fenice
ac_cv_path_install='/usr/bin/install -c'
ac_cv_prog_AWK=gawk
ac_cv_prog_CPP='gcc -E'
ac_cv_prog_CXXCPP='g++ -E'
ac_cv_prog_ac_ct_AR=ar
ac_cv_prog_ac_ct_CC=gcc
ac_cv_prog_ac_ct_CXX=g++
ac_cv_prog_ac_ct_RANLIB=ranlib
ac_cv_prog_ac_ct_STRIP=strip
ac_cv_prog_cc_g=yes
ac_cv_prog_cc_stdc=
ac_cv_prog_cxx_g=yes
ac_cv_prog_egrep='grep -E'
ac_cv_prog_f77_g=no
ac_cv_prog_gcc_traditional=no
ac_cv_prog_make_make_set=yes
ac_cv_search_opendir='none required'
ac_cv_target=i686-pc-linux-gnu
ac_cv_target_alias=i686-pc-linux-gnu
ac_cv_type_pid_t=yes
ac_cv_type_size_t=yes
ac_cv_type_struct_sockaddr_storage=yes
ac_cv_type_uid_t=yes
ac_cv_working_alloca_h=yes
am_cv_CC_dependencies_compiler_type=gcc3
am_cv_CXX_dependencies_compiler_type=gcc3
lt_cv_deplibs_check_method=pass_all
lt_cv_file_magic_cmd='$MAGIC_CMD'
lt_cv_file_magic_test_file=
lt_cv_ld_reload_flag=-r
lt_cv_objdir=.libs
lt_cv_path_LD=/usr/i586-suse-linux/bin/ld
lt_cv_path_LDCXX=/usr/i586-suse-linux/bin/ld
lt_cv_path_NM='/usr/bin/nm -B'
lt_cv_path_SED=/usr/bin/sed
lt_cv_prog_compiler_c_o=yes
lt_cv_prog_compiler_c_o_CXX=yes
lt_cv_prog_compiler_rtti_exceptions=no
lt_cv_prog_gnu_ld=yes
lt_cv_prog_gnu_ldcxx=yes
lt_cv_sys_global_symbol_pipe='sed -n -e '\''s/^.*[ 	]\([ABCDGIRSTW][ABCDGIRSTW]*\)[ 	][ 	]*\([_A-Za-z][_A-Za-z0-9]*\)$/\1 \2 \2/p'\'''
lt_cv_sys_global_symbol_to_c_name_address='sed -n -e '\''s/^: \([^ ]*\) $/  {\"\1\", (lt_ptr) 0},/p'\'' -e '\''s/^[BCDEGRST] \([^ ]*\) \([^ ]*\)$/  {"\2", (lt_ptr) \&\2},/p'\'''
lt_cv_sys_global_symbol_to_cdecl='sed -n -e '\''s/^. .* \(.*\)$/extern int \1;/p'\'''
lt_cv_sys_max_cmd_len=32768
lt_lt_cv_prog_compiler_c_o='"yes"'
lt_lt_cv_prog_compiler_c_o_CXX='"yes"'
lt_lt_cv_sys_global_symbol_pipe='"sed -n -e '\''s/^.*[ 	]\\([ABCDGIRSTW][ABCDGIRSTW]*\\)[ 	][ 	]*\\([_A-Za-z][_A-Za-z0-9]*\\)\$/\\1 \\2 \\2/p'\''"'
lt_lt_cv_sys_global_symbol_to_c_name_address='"sed -n -e '\''s/^: \\([^ ]*\\) \$/  {\\\"\\1\\\", (lt_ptr) 0},/p'\'' -e '\''s/^[BCDEGRST] \\([^ ]*\\) \\([^ ]*\\)\$/  {\"\\2\", (lt_ptr) \\&\\2},/p'\''"'
lt_lt_cv_sys_global_symbol_to_cdecl='"sed -n -e '\''s/^. .* \\(.*\\)\$/extern int \\1;/p'\''"'

## ----------------- ##
## Output variables. ##
## ----------------- ##

ACLOCAL='${SHELL} /home/zhuqing/streammedia_server/fenice-1.11/config/missing --run aclocal-1.9'
ALLOCA=''
AMDEPBACKSLASH='\'
AMDEP_FALSE='#'
AMDEP_TRUE=''
AMTAR='${SHELL} /home/zhuqing/streammedia_server/fenice-1.11/config/missing --run tar'
AR='ar'
ARCH_DEFINES='-DI386_ASSEM'
ARCH_PPC_FALSE=''
ARCH_PPC_TRUE='#'
ARCH_X86_FALSE='#'
ARCH_X86_TRUE=''
AUTOCONF='${SHELL} /home/zhuqing/streammedia_server/fenice-1.11/config/missing --run autoconf'
AUTOHEADER='${SHELL} /home/zhuqing/streammedia_server/fenice-1.11/config/missing --run autoheader'
AUTOMAKE='${SHELL} /home/zhuqing/streammedia_server/fenice-1.11/config/missing --run automake-1.9'
AWK='gawk'
CC='gcc'
CCDEPMODE='depmode=gcc3'
CFLAGS=' -O2 -march=i386'
CPP='gcc -E'
CPPFLAGS=''
CXX='g++'
CXXCPP='g++ -E'
CXXDEPMODE='depmode=gcc3'
CXXFLAGS='-g -O2'
CYGPATH_W='echo'
DEFS='-DHAVE_CONFIG_H'
DEPDIR='.deps'
ECHO='echo'
ECHO_C=''
ECHO_N='-n'
ECHO_T=''
EGREP='grep -E'
EXEEXT=''
F77=''
FENICE_DEBUG_FALSE=''
FENICE_DEBUG_TRUE='#'
FENICE_DUMPBUFF_FALSE=''
FENICE_DUMPBUFF_TRUE='#'
FENICE_DUMP_FALSE=''
FENICE_DUMP_TRUE='#'
FENICE_EFENCE_FALSE=''
FENICE_EFENCE_TRUE='#'
FENICE_VERBOSE_FALSE=''
FENICE_VERBOSE_TRUE='#'
FFLAGS=''
HAVE_SOLARIS_FALSE=''
HAVE_SOLARIS_TRUE='#'
INSTALL_DATA='${INSTALL} -m 644'
INSTALL_PROGRAM='${INSTALL}'
INSTALL_SCRIPT='${INSTALL}'
INSTALL_STRIP_PROGRAM='${SHELL} $(install_sh) -c -s'
LDFLAGS=''
LIBOBJS=''
LIBS='-lm -lpthread '
LIBTOOL='$(SHELL) $(top_builddir)/libtool --silent'
LIBTOOL_DEPS='config/ltmain.sh'
LN_S='ln -s'
LTLIBOBJS=''
MAKEINFO='${SHELL} /home/zhuqing/streammedia_server/fenice-1.11/config/missing --run makeinfo'
OBJEXT='o'
PACKAGE='fenice'
PACKAGE_BUGREPORT=''
PACKAGE_NAME='fenice'
PACKAGE_STRING='fenice 1.11'
PACKAGE_TARNAME='fenice'
PACKAGE_VERSION='1.11'
PATH_SEPARATOR=':'
RANLIB='ranlib'
SET_MAKE=''
SHELL='/bin/sh'
STRIP='strip'
VERSION='1.11'
ac_ct_AR='ar'
ac_ct_CC='gcc'
ac_ct_CXX='g++'
ac_ct_F77=''
ac_ct_RANLIB='ranlib'
ac_ct_STRIP='strip'
ac_prefix_program='/usr/local/bin/fenice'
am__fastdepCC_FALSE='#'
am__fastdepCC_TRUE=''
am__fastdepCXX_FALSE='#'
am__fastdepCXX_TRUE=''
am__include='include'
am__leading_dot='.'
am__quote=''
am__tar='${AMTAR} chof - "$$tardir"'
am__untar='${AMTAR} xf -'
bindir='${exec_prefix}/bin'
build='i686-pc-linux-gnu'
build_alias=''
build_cpu='i686'
build_os='linux-gnu'
build_vendor='pc'
datadir='${prefix}/share'
exec_prefix='/usr/local'
fenice_avroot_dir='/srv/fenice/avroot'
fenice_conf_dir='/etc'
fenice_conf_file='fenice.conf'
fenice_docs_dir='${prefix}/share/doc/fenice'
fenice_log_file='/var/log/fenice.log'
fenice_max_session='100'
fenice_rtsp_port='554'
host='i686-pc-linux-gnu'
host_alias=''
host_cpu='i686'
host_os='linux-gnu'
host_vendor='pc'
includedir='${prefix}/include'
infodir='${prefix}/info'
install_sh='/home/zhuqing/streammedia_server/fenice-1.11/config/install-sh'
libdir='${exec_prefix}/lib'
libexecdir='${exec_prefix}/libexec'
localstatedir='/var'
mandir='/usr/local/share/man'
mkdir_p='mkdir -p --'
oldincludedir='/usr/include'
prefix='/usr/local'
program_transform_name='s,x,x,'
sbindir='${exec_prefix}/sbin'
sharedstatedir='${prefix}/com'
sysconfdir='/etc'
target='i686-pc-linux-gnu'
target_alias=''
target_cpu='i686'
target_os='linux-gnu'
target_vendor='pc'

## ----------- ##
## confdefs.h. ##
## ----------- ##

#define ENABLE_DEBUG 0
#define ENABLE_DUMPBUFF 0
#define FENICE_AVROOT_DIR_DEFAULT /srv/fenice/avroot
#define FENICE_AVROOT_DIR_DEFAULT_STR "/srv/fenice/avroot"
#define FENICE_CONF_DIR_DEFAULT /etc
#define FENICE_CONF_FILE_DEFAULT fenice.conf
#define FENICE_CONF_PATH_DEFAULT_STR "/etc/fenice.conf"
#define FENICE_LOG_FILE_DEFAULT /var/log/fenice.log
#define FENICE_LOG_FILE_DEFAULT_STR "/var/log/fenice.log"
#define FENICE_MAX_SESSION_DEFAULT 100
#define FENICE_RTSP_PORT_DEFAULT 554
#define HAVE_ALLOCA 1
#define HAVE_ALLOCA_H 1
#define HAVE_DIRENT_H 1
#define HAVE_DLFCN_H 1
#define HAVE_ERRNO_H 1
#define HAVE_FCNTL_H 1
#define HAVE_GETCWD 1
#define HAVE_GETOPT_H 1
#define HAVE_GETPAGESIZE 1
#define HAVE_GETTIMEOFDAY 1
#define HAVE_GETWD 1
#define HAVE_INTTYPES_H 1
#define HAVE_LIBM 1
#define HAVE_LIBPTHREAD 1
#define HAVE_MALLOC_H 1
#define HAVE_MEMORY_H 1
#define HAVE_MMAP 1
#define HAVE_SELECT 1
#define HAVE_SETENV 1
#define HAVE_SOCKET 1
#define HAVE_STDINT_H 1
#define HAVE_STDLIB_H 1
#define HAVE_STDLIB_H 1
#define HAVE_STRCSPN 1
#define HAVE_STRDUP 1
#define HAVE_STRERROR 1
#define HAVE_STRINGS_H 1
#define HAVE_STRINGS_H 1
#define HAVE_STRING_H 1
#define HAVE_STRSTR 1
#define HAVE_STRTOUL 1
#define HAVE_STRUCT_SOCKADDR_STORAGE 1
#define HAVE_SYSLOG_H 1
#define HAVE_SYS_IOCTL_H 1
#define HAVE_SYS_STAT_H 1
#define HAVE_SYS_TIME_H 1
#define HAVE_SYS_TYPES_H 1
#define HAVE_UNAME 1
#define HAVE_UNISTD_H 1
#define HAVE_UNISTD_H 1
#define HAVE_UNISTD_H 1
#define HAVE_VPRINTF 1
#define PACKAGE "fenice"
#define PACKAGE_BUGREPORT ""
#define PACKAGE_NAME "fenice"
#define PACKAGE_STRING "fenice 1.11"
#define PACKAGE_TARNAME "fenice"
#define PACKAGE_VERSION "1.11"
#define STDC_HEADERS 1
#define STDC_HEADERS 1
#define TIME_WITH_SYS_TIME 1
#define TIME_WITH_SYS_TIME 1
#define VERSION "1.11"
#endif
#ifdef __cplusplus
extern "C" void std::exit (int) throw (); using std::exit;

configure: exit 0
